<?xml version="1.0" encoding="UTF-8" ?>
<testsuite failures="0" time="0.394" errors="0" skipped="0" tests="1" name="com.twave.maven.weather.yahoo.WeatherFormatterTest">
  <properties>
    <property name="java.runtime.name" value="Java(TM) SE Runtime Environment"/>
    <property name="sun.boot.library.path" value="C:\apps\java\jdk1.6.0_29_x64\jre\bin"/>
    <property name="java.vm.version" value="20.4-b02"/>
    <property name="java.vm.vendor" value="Sun Microsystems Inc."/>
    <property name="java.vendor.url" value="http://java.sun.com/"/>
    <property name="path.separator" value=";"/>
    <property name="guice.disable.misplaced.annotation.check" value="true"/>
    <property name="java.vm.name" value="Java HotSpot(TM) 64-Bit Server VM"/>
    <property name="file.encoding.pkg" value="sun.io"/>
    <property name="user.country" value="US"/>
    <property name="sun.java.launcher" value="SUN_STANDARD"/>
    <property name="sun.os.patch.level" value=""/>
    <property name="java.vm.specification.name" value="Java Virtual Machine Specification"/>
    <property name="user.dir" value="c:\mvnproject\ch-multi\simple-parent"/>
    <property name="java.runtime.version" value="1.6.0_29-b11"/>
    <property name="java.awt.graphicsenv" value="sun.awt.Win32GraphicsEnvironment"/>
    <property name="java.endorsed.dirs" value="C:\apps\java\jdk1.6.0_29_x64\jre\lib\endorsed"/>
    <property name="os.arch" value="amd64"/>
    <property name="sun.rmi.dgc.server.gcInterval" value="270000"/>
    <property name="java.io.tmpdir" value="C:\Temp\"/>
    <property name="line.separator" value="
"/>
    <property name="java.vm.specification.vendor" value="Sun Microsystems Inc."/>
    <property name="user.variant" value=""/>
    <property name="os.name" value="Windows 7"/>
    <property name="classworlds.conf" value="c:\maven\bin\m2.conf"/>
    <property name="sun.jnu.encoding" value="Cp1252"/>
    <property name="java.library.path" value="C:\apps\java\jdk1.6.0_29_x64\bin;C:\WINDOWS\Sun\Java\bin;C:\WINDOWS\system32;C:\WINDOWS;C:\Perl64\site\bin;C:\Perl64\bin;C:\WINDOWS\system32;C:\WINDOWS;C:\WINDOWS\System32\Wbem;C:\WINDOWS\System32\WindowsPowerShell\v1.0\;C:\Program Files (x86)\QuickTime\QTSystem\;C:\Program Files\TortoiseSVN\bin;C:\apps\WinSCP\;C:\maven\bin;c:\apps\apache-maven-3.0.3\bin;c:\apps\apache-ant-1.8.2/bin;C:\apps\java\jdk1.6.0_29_x64/bin;C:\apps\Red Hat\Enterprise Web Server\bin;C:\Program Files\SlikSvn\bin;C:\Tcl\bin;C:\Perl64\site\bin;C:\Perl64\bin;C:\WINDOWS\system32;C:\WINDOWS;C:\WINDOWS\System32\Wbem;C:\WINDOWS\System32\WindowsPowerShell\v1.0\;C:\Program Files (x86)\QuickTime\QTSystem\;C:\Program Files\TortoiseSVN\bin;C:\apps\WinSCP\;C:\maven\bin;c:\apps\apache-maven-3.0.3\bin;c:\apps\apache-ant-1.8.2/bin;C:\apps\java\jdk1.6.0_29_x64/bin;C:\apps\Red Hat\Enterprise Web Server\bin;C:\Program Files\SlikSvn\bin;."/>
    <property name="java.specification.name" value="Java Platform API Specification"/>
    <property name="java.class.version" value="50.0"/>
    <property name="sun.management.compiler" value="HotSpot 64-Bit Tiered Compilers"/>
    <property name="os.version" value="6.1"/>
    <property name="user.home" value="C:\Users\pjeyapra"/>
    <property name="user.timezone" value="America/New_York"/>
    <property name="java.awt.printerjob" value="sun.awt.windows.WPrinterJob"/>
    <property name="java.specification.version" value="1.6"/>
    <property name="file.encoding" value="Cp1252"/>
    <property name="user.name" value="pjeyapra"/>
    <property name="java.class.path" value="c:\maven\boot\plexus-classworlds-2.4.jar"/>
    <property name="java.vm.specification.version" value="1.0"/>
    <property name="sun.arch.data.model" value="64"/>
    <property name="java.home" value="C:\apps\java\jdk1.6.0_29_x64\jre"/>
    <property name="sun.java.command" value="org.codehaus.plexus.classworlds.launcher.Launcher clean install"/>
    <property name="java.specification.vendor" value="Sun Microsystems Inc."/>
    <property name="user.language" value="en"/>
    <property name="awt.toolkit" value="sun.awt.windows.WToolkit"/>
    <property name="java.vm.info" value="mixed mode"/>
    <property name="java.version" value="1.6.0_29"/>
    <property name="java.ext.dirs" value="C:\apps\java\jdk1.6.0_29_x64\jre\lib\ext;C:\WINDOWS\Sun\Java\lib\ext"/>
    <property name="sun.boot.class.path" value="C:\apps\java\jdk1.6.0_29_x64\jre\lib\resources.jar;C:\apps\java\jdk1.6.0_29_x64\jre\lib\rt.jar;C:\apps\java\jdk1.6.0_29_x64\jre\lib\sunrsasign.jar;C:\apps\java\jdk1.6.0_29_x64\jre\lib\jsse.jar;C:\apps\java\jdk1.6.0_29_x64\jre\lib\jce.jar;C:\apps\java\jdk1.6.0_29_x64\jre\lib\charsets.jar;C:\apps\java\jdk1.6.0_29_x64\jre\lib\modules\jdk.boot.jar;C:\apps\java\jdk1.6.0_29_x64\jre\classes"/>
    <property name="java.vendor" value="Sun Microsystems Inc."/>
    <property name="maven.home" value="c:\maven"/>
    <property name="file.separator" value="\"/>
    <property name="java.vendor.url.bug" value="http://java.sun.com/cgi-bin/bugreport.cgi"/>
    <property name="sun.rmi.dgc.client.gcInterval" value="270000"/>
    <property name="sun.cpu.endian" value="little"/>
    <property name="sun.io.unicode.encoding" value="UnicodeLittle"/>
    <property name="sun.desktop" value="windows"/>
    <property name="sun.cpu.isalist" value="amd64"/>
  </properties>
  <testcase time="0.383" classname="com.twave.maven.weather.yahoo.WeatherFormatterTest" name="testFormat"/>
</testsuite>